nov 24, 2017 12:26:59 PM no.ntnu.imt3281.ludo.Logging log
INFO: clasName	fileName	lineNumber	methodName
	org.apache.derby.impl.jdbc.SQLExceptionFactory	null	-1	getSQLException
	org.apache.derby.impl.jdbc.Util	null	-1	generateCsSQLException
	org.apache.derby.impl.jdbc.TransactionResourceImpl	null	-1	wrapInSQLException
	org.apache.derby.impl.jdbc.TransactionResourceImpl	null	-1	handleException
	org.apache.derby.impl.jdbc.EmbedConnection	null	-1	handleException
	org.apache.derby.impl.jdbc.ConnectionChild	null	-1	handleException
	org.apache.derby.impl.jdbc.EmbedStatement	null	-1	executeStatement
	org.apache.derby.impl.jdbc.EmbedStatement	null	-1	execute
	org.apache.derby.impl.jdbc.EmbedStatement	null	-1	execute
	no.ntnu.imt3281.ludo.server.Database	Database.java	55	<init>
	no.ntnu.imt3281.ludo.server.ServerController	ServerController.java	88	<init>
	no.ntnu.imt3281.ludo.App	App.java	23	main

nov 24, 2017 12:26:59 PM no.ntnu.imt3281.ludo.Logging log
INFO: clasName	fileName	lineNumber	methodName
	org.apache.derby.impl.jdbc.SQLExceptionFactory	null	-1	getSQLException
	org.apache.derby.impl.jdbc.Util	null	-1	generateCsSQLException
	org.apache.derby.impl.jdbc.TransactionResourceImpl	null	-1	wrapInSQLException
	org.apache.derby.impl.jdbc.TransactionResourceImpl	null	-1	handleException
	org.apache.derby.impl.jdbc.EmbedConnection	null	-1	handleException
	org.apache.derby.impl.jdbc.ConnectionChild	null	-1	handleException
	org.apache.derby.impl.jdbc.EmbedStatement	null	-1	executeStatement
	org.apache.derby.impl.jdbc.EmbedStatement	null	-1	execute
	org.apache.derby.impl.jdbc.EmbedStatement	null	-1	execute
	no.ntnu.imt3281.ludo.server.Database	Database.java	75	<init>
	no.ntnu.imt3281.ludo.server.ServerController	ServerController.java	88	<init>
	no.ntnu.imt3281.ludo.App	App.java	23	main

nov 24, 2017 12:26:59 PM no.ntnu.imt3281.ludo.Logging log
INFO: clasName	fileName	lineNumber	methodName
	org.apache.derby.impl.jdbc.SQLExceptionFactory	null	-1	getSQLException
	org.apache.derby.impl.jdbc.Util	null	-1	generateCsSQLException
	org.apache.derby.impl.jdbc.TransactionResourceImpl	null	-1	wrapInSQLException
	org.apache.derby.impl.jdbc.TransactionResourceImpl	null	-1	handleException
	org.apache.derby.impl.jdbc.EmbedConnection	null	-1	handleException
	org.apache.derby.impl.jdbc.ConnectionChild	null	-1	handleException
	org.apache.derby.impl.jdbc.EmbedStatement	null	-1	executeStatement
	org.apache.derby.impl.jdbc.EmbedStatement	null	-1	execute
	org.apache.derby.impl.jdbc.EmbedStatement	null	-1	execute
	no.ntnu.imt3281.ludo.server.Database	Database.java	95	<init>
	no.ntnu.imt3281.ludo.server.ServerController	ServerController.java	88	<init>
	no.ntnu.imt3281.ludo.App	App.java	23	main

nov 24, 2017 12:27:06 PM no.ntnu.imt3281.ludo.Logging log
INFO: clasName	fileName	lineNumber	methodName
	org.apache.derby.impl.jdbc.SQLExceptionFactory	null	-1	getSQLException
	org.apache.derby.impl.jdbc.SQLExceptionFactory	null	-1	getSQLException
	org.apache.derby.impl.jdbc.Util	null	-1	generateCsSQLException
	org.apache.derby.impl.jdbc.Util	null	-1	generateCsSQLException
	org.apache.derby.impl.jdbc.Util	null	-1	noCurrentConnection
	org.apache.derby.impl.jdbc.EmbedConnection	null	-1	checkIfClosed
	org.apache.derby.impl.jdbc.EmbedConnection	null	-1	createStatement
	org.apache.derby.impl.jdbc.EmbedConnection	null	-1	createStatement
	no.ntnu.imt3281.ludo.server.Database	Database.java	367	checkLogin
	no.ntnu.imt3281.ludo.server.ServerController	ServerController.java	175	lambda$0
	java.util.concurrent.ThreadPoolExecutor	null	-1	runWorker
	java.util.concurrent.ThreadPoolExecutor$Worker	null	-1	run
	java.lang.Thread	null	-1	run

